<?xml version="1.0" encoding="UTF-8"?>
<!-- Generated by org.testng.reporters.JUnitXMLReporter -->
<testsuite ignored="0" hostname="DESKTOP-1VSDUBV" failures="0" tests="4" name="Test" time="64.808" errors="0" timestamp="2023-03-03T15:19:25 IST">
  <testcase classname="hms.nml.patient.UserRegistrationLoginAndBookAppointmentTest" name="userRegistrationLoginAndBookAppointmentTest" time="12.447"/>
  <testcase classname="hms.nml.admin.AddDoctorTest" name="addDoctorTest" time="11.76"/>
  <testcase classname="hms.nml.admin.AdhocDeleteDoctorTest" name="adhocDeleteDoctorTest" time="18.15"/>
  <testcase classname="hms.nml.doctor.ApprovePatientAppointmentAndAddMedicalHistoryTest" name="approvePatientAppointmentAndAddMedicalHistoryTest" time="9.429"/>
</testsuite> <!-- Test -->
