<?xml version="1.0" encoding="UTF-8"?>
<!-- Generated by org.testng.reporters.JUnitXMLReporter -->
<testsuite ignored="0" hostname="DESKTOP-1VSDUBV" failures="3" tests="4" name="Test1" time="60.437" errors="0" timestamp="2023-03-03T15:19:20 IST">
  <testcase classname="hms.nml.patient.UserRegistrationLoginAndBookAppointmentTest" name="userRegistrationLoginAndBookAppointmentTest" time="7.601">
    <failure type="java.lang.AssertionError" message="expected [User | Book Appointment] but found []">
      <![CDATA[java.lang.AssertionError: expected [User | Book Appointment] but found []
at hms.nml.patient.UserRegistrationLoginAndBookAppointmentTest.userRegistrationLoginAndBookAppointmentTest(UserRegistrationLoginAndBookAppointmentTest.java:46)
at java.base/java.util.ArrayList.forEach(ArrayList.java:1511)
at java.base/java.util.concurrent.FutureTask.run(FutureTask.java:264)
at java.base/java.util.concurrent.ThreadPoolExecutor.runWorker(ThreadPoolExecutor.java:1130)
at java.base/java.util.concurrent.ThreadPoolExecutor$Worker.run(ThreadPoolExecutor.java:630)
at java.base/java.lang.Thread.run(Thread.java:831)
... Removed 23 stack frames]]>
    </failure>
  </testcase> <!-- userRegistrationLoginAndBookAppointmentTest -->
  <testcase classname="hms.nml.admin.AddDoctorTest" name="addDoctorTest" time="6.308">
    <failure type="java.lang.AssertionError" message="expected [true] but found [false]">
      <![CDATA[java.lang.AssertionError: expected [true] but found [false]
at hms.nml.admin.AddDoctorTest.addDoctorTest(AddDoctorTest.java:45)
at java.base/java.util.ArrayList.forEach(ArrayList.java:1511)
at java.base/java.util.concurrent.FutureTask.run(FutureTask.java:264)
at java.base/java.util.concurrent.ThreadPoolExecutor.runWorker(ThreadPoolExecutor.java:1130)
at java.base/java.util.concurrent.ThreadPoolExecutor$Worker.run(ThreadPoolExecutor.java:630)
at java.base/java.lang.Thread.run(Thread.java:831)
... Removed 21 stack frames]]>
    </failure>
  </testcase> <!-- addDoctorTest -->
  <testcase classname="hms.nml.admin.AdhocDeleteDoctorTest" name="adhocDeleteDoctorTest" time="3.883">
    <failure type="java.lang.AssertionError" message="Doctor not added and Admin | Manage Doctors page not matching expected [Admin | Manage Doctors] but found []">
      <![CDATA[java.lang.AssertionError: Doctor not added and Admin | Manage Doctors page not matching expected [Admin | Manage Doctors] but found []
at hms.nml.admin.AdhocDeleteDoctorTest.adhocDeleteDoctorTest(AdhocDeleteDoctorTest.java:36)
at java.base/java.util.ArrayList.forEach(ArrayList.java:1511)
at java.base/java.util.concurrent.FutureTask.run(FutureTask.java:264)
at java.base/java.util.concurrent.ThreadPoolExecutor.runWorker(ThreadPoolExecutor.java:1130)
at java.base/java.util.concurrent.ThreadPoolExecutor$Worker.run(ThreadPoolExecutor.java:630)
at java.base/java.lang.Thread.run(Thread.java:831)
... Removed 22 stack frames]]>
    </failure>
  </testcase> <!-- adhocDeleteDoctorTest -->
  <testcase classname="hms.nml.doctor.ApprovePatientAppointmentAndAddMedicalHistoryTest" name="approvePatientAppointmentAndAddMedicalHistoryTest" time="12.315"/>
</testsuite> <!-- Test1 -->
