<?xml version="1.0" encoding="UTF-8"?>
<!-- Generated by org.testng.reporters.JUnitXMLReporter -->
<testsuite ignored="0" hostname="DESKTOP-1VSDUBV" failures="1" tests="1" name="Default test(failed)(failed)" time="6.54" errors="0" timestamp="2023-02-27T15:30:25 IST">
  <testcase classname="practice.TestNg.TestScript4" name="ApprovePatientAppointmentAndAddMedicalHistoryTest" time="1.809">
    <failure type="java.lang.NullPointerException" message="Cannot invoke &amp;quot;String.contains(java.lang.CharSequence)&amp;quot; because &amp;quot;toEscape&amp;quot; is null">
      <![CDATA[java.lang.NullPointerException: Cannot invoke "String.contains(java.lang.CharSequence)" because "toEscape" is null
at org.openqa.selenium.support.ui.Quotes.escape(Quotes.java:42)
at org.openqa.selenium.support.ui.Select.findOptionsByValue(Select.java:281)
at org.openqa.selenium.support.ui.Select.selectByValue(Select.java:186)
at com.hms.nml.genericUtilities.webActionUtility.seleniumUtilities.DropDownUtility.handleDropDown(DropDownUtility.java:28)
at hms.nml.pageRepository.patientPageRepository.BookAppointmentPage.bookAppointmentAction(BookAppointmentPage.java:38)
at practice.TestNg.TestScript4.ApprovePatientAppointmentAndAddMedicalHistoryTest(TestScript4.java:37)
at java.base/java.util.ArrayList.forEach(ArrayList.java:1511)
... Removed 27 stack frames]]>
    </failure>
  </testcase> <!-- ApprovePatientAppointmentAndAddMedicalHistoryTest -->
</testsuite> <!-- Default test(failed)(failed) -->
