<?xml version="1.0" encoding="UTF-8"?>
<!-- Generated by org.testng.reporters.JUnitXMLReporter -->
<testsuite ignored="0" hostname="DESKTOP-1VSDUBV" failures="1" tests="1" name="Test(failed)" time="6.0" errors="0" timestamp="2023-02-27T15:24:53 IST">
  <testcase classname="practice.TestNg.TestScript4" name="ApprovePatientAppointmentAndAddMedicalHistoryTest" time="1.194">
    <failure type="java.lang.AssertionError" message="User not logged in and page not matching expected [User | Dashboard] but found [User-Login]">
      <![CDATA[java.lang.AssertionError: User not logged in and page not matching expected [User | Dashboard] but found [User-Login]
at practice.TestNg.TestScript4.ApprovePatientAppointmentAndAddMedicalHistoryTest(TestScript4.java:28)
at java.base/java.util.ArrayList.forEach(ArrayList.java:1511)
... Removed 32 stack frames]]>
    </failure>
  </testcase> <!-- ApprovePatientAppointmentAndAddMedicalHistoryTest -->
</testsuite> <!-- Test(failed) -->
