<?xml version="1.0" encoding="UTF-8"?>
<testng-results ignored="0" total="1" passed="1" failed="0" skipped="0">
  <reporter-output>
  </reporter-output>
  <suite started-at="2023-03-16T10:04:54 IST" name="Default suite" finished-at="2023-03-16T10:05:28 IST" duration-ms="33679">
    <groups>
    </groups>
    <test started-at="2023-03-16T10:04:54 IST" name="Default test" finished-at="2023-03-16T10:05:28 IST" duration-ms="33679">
      <class name="practice.Practice">
        <test-method signature="test()[pri:0, instance:practice.Practice@5403f35f]" started-at="2023-03-16T10:04:55 IST" name="test" finished-at="2023-03-16T10:05:28 IST" duration-ms="33615" status="PASS">
          <reporter-output>
          </reporter-output>
        </test-method> <!-- test -->
      </class> <!-- practice.Practice -->
    </test> <!-- Default test -->
  </suite> <!-- Default suite -->
</testng-results>
